<?xml version="1.0" encoding="UTF-8"?>
<!-- Generated by org.testng.reporters.JUnitXMLReporter -->
<testsuite hostname="Amit-PC" ignored="0" name="Smoke Test" tests="9" failures="0" timestamp="29 Dec 2021 13:21:39 GMT" time="103.046" errors="0">
  <testcase name="SearchValueOne" time="23.927" classname="smoke.test.SearchItemTest"/>
  <testcase name="SearchValueOne" time="26.428" classname="smoke.test.SearchTest"/>
  <testcase name="SearchValueOne" time="26.745" classname="smoke.test.SearchvalueTest"/>
  <testcase name="SearchValueTwo" time="14.697" classname="smoke.test.SearchvalueTest"/>
  <testcase name="SearchValueTwo" time="17.202" classname="smoke.test.SearchItemTest"/>
  <testcase name="SearchValueTwo" time="17.602" classname="smoke.test.SearchTest"/>
  <testcase name="hitGetMethod" time="9.63" classname="smoke.test.SearchItemTest"/>
  <testcase name="hitGetMethod" time="1.666" classname="smoke.test.SearchTest"/>
  <testcase name="hitGetMethod" time="9.614" classname="smoke.test.SearchvalueTest"/>
</testsuite> <!-- Smoke Test -->
