<?xml version="1.0" encoding="UTF-8"?>
<!-- Generated by org.testng.reporters.JUnitXMLReporter -->
<testsuite hostname="Amit-PC" ignored="0" name="Smoke Test" tests="9" failures="0" timestamp="29 Dec 2021 11:25:44 GMT" time="81.269" errors="0">
  <testcase name="SearchValueOne" time="19.888" classname="smoke.test.SearchvalueTest"/>
  <testcase name="SearchValueOne" time="20.549" classname="smoke.test.SearchItemTest"/>
  <testcase name="SearchValueOne" time="18.906" classname="smoke.test.SearchTest"/>
  <testcase name="SearchValueTwo" time="15.269" classname="smoke.test.SearchvalueTest"/>
  <testcase name="SearchValueTwo" time="15.698" classname="smoke.test.SearchItemTest"/>
  <testcase name="SearchValueTwo" time="15.091" classname="smoke.test.SearchTest"/>
  <testcase name="hitGetMethod" time="7.501" classname="smoke.test.SearchTest"/>
  <testcase name="hitGetMethod" time="12.333" classname="smoke.test.SearchvalueTest"/>
  <testcase name="hitGetMethod" time="12.173" classname="smoke.test.SearchItemTest"/>
</testsuite> <!-- Smoke Test -->
