<?xml version="1.0" encoding="UTF-8"?>
<!-- Generated by org.testng.reporters.JUnitXMLReporter -->
<testsuite hostname="Amit-PC" ignored="0" name="Regression Test" tests="12" failures="0" timestamp="17 Jan 2022 04:09:43 GMT" time="89.936" errors="0">
  <testcase name="SearchValueOne" time="28.618" classname="smoke.test.SearchDataTest"/>
  <testcase name="SearchValueOne" time="31.616" classname="smoke.test.SearchTest"/>
  <testcase name="SearchValueOne" time="32.163" classname="smoke.test.SearchItemTest"/>
  <testcase name="SearchValueOne" time="32.265" classname="smoke.test.SearchvalueTest"/>
  <testcase name="SearchValueTwo" time="17.466" classname="smoke.test.SearchItemTest"/>
  <testcase name="SearchValueTwo" time="19.824" classname="smoke.test.SearchDataTest"/>
  <testcase name="SearchValueTwo" time="18.336" classname="smoke.test.SearchTest"/>
  <testcase name="SearchValueTwo" time="15.948" classname="smoke.test.SearchvalueTest"/>
  <testcase name="hitGetMethod" time="3.699" classname="smoke.test.SearchItemTest"/>
  <testcase name="hitGetMethod" time="0.426" classname="smoke.test.SearchvalueTest"/>
  <testcase name="hitGetMethod" time="1.747" classname="smoke.test.SearchDataTest"/>
  <testcase name="hitGetMethod" time="0.812" classname="smoke.test.SearchTest"/>
</testsuite> <!-- Regression Test -->
