<?xml version="1.0" encoding="UTF-8"?>
<testng-results skipped="0" failed="0" ignored="0" total="12" passed="12">
  <reporter-output>
    <line>
      <![CDATA[------------------Automation Test started-------------------]]>
    </line>
    <line>
      <![CDATA[instanceUrl: null]]>
    </line>
    <line>
      <![CDATA[Environment: qa]]>
    </line>
    <line>
      <![CDATA[Browser: chrome]]>
    </line>
    <line>
      <![CDATA[hub_host: localhost]]>
    </line>
    <line>
      <![CDATA[client: null]]>
    </line>
    <line>
      <![CDATA[secret: null]]>
    </line>
    <line>
      <![CDATA[locationKey: null]]>
    </line>
    <line>
      <![CDATA[runType: local]]>
    </line>
    <line>
      <![CDATA[market: us]]>
    </line>
    <line>
      <![CDATA[-----------------------------------------------------]]>
    </line>
  </reporter-output>
  <suite name="Regression Suite" duration-ms="89936" started-at="2022-01-17T04:08:13Z" finished-at="2022-01-17T04:09:43Z">
    <groups>
    </groups>
    <test name="Regression Test" duration-ms="89936" started-at="2022-01-17T04:08:13Z" finished-at="2022-01-17T04:09:43Z">
      <class name="smoke.test.SearchDataTest">
        <test-method status="PASS" signature="setUp(java.lang.reflect.Method)[pri:0, instance:smoke.test.SearchDataTest@2a32de6c]" name="setUp" is-config="true" duration-ms="9279" started-at="2022-01-17T04:08:13Z" finished-at="2022-01-17T04:08:22Z">
          <params>
            <param index="0">
              <value>
                <![CDATA[public void smoke.test.SearchDataTest.SearchValueOne()]]>
              </value>
            </param>
          </params>
          <reporter-output>
          </reporter-output>
        </test-method> <!-- setUp -->
        <test-method status="PASS" signature="SearchValueOne()[pri:0, instance:smoke.test.SearchDataTest@2a32de6c]" name="SearchValueOne" duration-ms="28618" started-at="2022-01-17T04:08:22Z" finished-at="2022-01-17T04:08:51Z">
          <reporter-output>
          </reporter-output>
        </test-method> <!-- SearchValueOne -->
        <test-method status="PASS" signature="teardown()[pri:0, instance:smoke.test.SearchDataTest@2a32de6c]" name="teardown" is-config="true" duration-ms="6587" started-at="2022-01-17T04:08:51Z" finished-at="2022-01-17T04:08:58Z">
          <reporter-output>
          </reporter-output>
        </test-method> <!-- teardown -->
        <test-method status="PASS" signature="setUp(java.lang.reflect.Method)[pri:0, instance:smoke.test.SearchDataTest@2a32de6c]" name="setUp" is-config="true" duration-ms="8252" started-at="2022-01-17T04:08:58Z" finished-at="2022-01-17T04:09:06Z">
          <params>
            <param index="0">
              <value>
                <![CDATA[public void smoke.test.SearchDataTest.SearchValueTwo()]]>
              </value>
            </param>
          </params>
          <reporter-output>
          </reporter-output>
        </test-method> <!-- setUp -->
        <test-method status="PASS" signature="SearchValueTwo()[pri:0, instance:smoke.test.SearchDataTest@2a32de6c]" name="SearchValueTwo" duration-ms="19824" started-at="2022-01-17T04:09:06Z" finished-at="2022-01-17T04:09:26Z">
          <reporter-output>
          </reporter-output>
        </test-method> <!-- SearchValueTwo -->
        <test-method status="PASS" signature="teardown()[pri:0, instance:smoke.test.SearchDataTest@2a32de6c]" name="teardown" is-config="true" duration-ms="2376" started-at="2022-01-17T04:09:26Z" finished-at="2022-01-17T04:09:28Z">
          <reporter-output>
          </reporter-output>
        </test-method> <!-- teardown -->
        <test-method status="PASS" signature="setUp(java.lang.reflect.Method)[pri:0, instance:smoke.test.SearchDataTest@2a32de6c]" name="setUp" is-config="true" duration-ms="9879" started-at="2022-01-17T04:09:28Z" finished-at="2022-01-17T04:09:38Z">
          <params>
            <param index="0">
              <value>
                <![CDATA[public void smoke.test.SearchDataTest.hitGetMethod()]]>
              </value>
            </param>
          </params>
          <reporter-output>
          </reporter-output>
        </test-method> <!-- setUp -->
        <test-method status="PASS" signature="hitGetMethod()[pri:0, instance:smoke.test.SearchDataTest@2a32de6c]" name="hitGetMethod" duration-ms="1747" started-at="2022-01-17T04:09:38Z" finished-at="2022-01-17T04:09:40Z">
          <reporter-output>
          </reporter-output>
        </test-method> <!-- hitGetMethod -->
        <test-method status="PASS" signature="teardown()[pri:0, instance:smoke.test.SearchDataTest@2a32de6c]" name="teardown" is-config="true" duration-ms="2913" started-at="2022-01-17T04:09:40Z" finished-at="2022-01-17T04:09:43Z">
          <reporter-output>
          </reporter-output>
        </test-method> <!-- teardown -->
      </class> <!-- smoke.test.SearchDataTest -->
      <class name="smoke.test.SearchvalueTest">
        <test-method status="PASS" signature="setUp(java.lang.reflect.Method)[pri:0, instance:smoke.test.SearchvalueTest@6b19b79]" name="setUp" is-config="true" duration-ms="10827" started-at="2022-01-17T04:08:13Z" finished-at="2022-01-17T04:08:24Z">
          <params>
            <param index="0">
              <value>
                <![CDATA[public void smoke.test.SearchvalueTest.SearchValueOne()]]>
              </value>
            </param>
          </params>
          <reporter-output>
          </reporter-output>
        </test-method> <!-- setUp -->
        <test-method status="PASS" signature="SearchValueOne()[pri:0, instance:smoke.test.SearchvalueTest@6b19b79]" name="SearchValueOne" duration-ms="32265" started-at="2022-01-17T04:08:24Z" finished-at="2022-01-17T04:08:56Z">
          <reporter-output>
          </reporter-output>
        </test-method> <!-- SearchValueOne -->
        <test-method status="PASS" signature="teardown()[pri:0, instance:smoke.test.SearchvalueTest@6b19b79]" name="teardown" is-config="true" duration-ms="4868" started-at="2022-01-17T04:08:56Z" finished-at="2022-01-17T04:09:01Z">
          <reporter-output>
          </reporter-output>
        </test-method> <!-- teardown -->
        <test-method status="PASS" signature="setUp(java.lang.reflect.Method)[pri:0, instance:smoke.test.SearchvalueTest@6b19b79]" name="setUp" is-config="true" duration-ms="10044" started-at="2022-01-17T04:09:01Z" finished-at="2022-01-17T04:09:11Z">
          <params>
            <param index="0">
              <value>
                <![CDATA[public void smoke.test.SearchvalueTest.SearchValueTwo()]]>
              </value>
            </param>
          </params>
          <reporter-output>
          </reporter-output>
        </test-method> <!-- setUp -->
        <test-method status="PASS" signature="SearchValueTwo()[pri:0, instance:smoke.test.SearchvalueTest@6b19b79]" name="SearchValueTwo" duration-ms="15948" started-at="2022-01-17T04:09:11Z" finished-at="2022-01-17T04:09:27Z">
          <reporter-output>
          </reporter-output>
        </test-method> <!-- SearchValueTwo -->
        <test-method status="PASS" signature="teardown()[pri:0, instance:smoke.test.SearchvalueTest@6b19b79]" name="teardown" is-config="true" duration-ms="1309" started-at="2022-01-17T04:09:27Z" finished-at="2022-01-17T04:09:28Z">
          <reporter-output>
          </reporter-output>
        </test-method> <!-- teardown -->
        <test-method status="PASS" signature="setUp(java.lang.reflect.Method)[pri:0, instance:smoke.test.SearchvalueTest@6b19b79]" name="setUp" is-config="true" duration-ms="10715" started-at="2022-01-17T04:09:28Z" finished-at="2022-01-17T04:09:39Z">
          <params>
            <param index="0">
              <value>
                <![CDATA[public void smoke.test.SearchvalueTest.hitGetMethod()]]>
              </value>
            </param>
          </params>
          <reporter-output>
          </reporter-output>
        </test-method> <!-- setUp -->
        <test-method status="PASS" signature="hitGetMethod()[pri:0, instance:smoke.test.SearchvalueTest@6b19b79]" name="hitGetMethod" duration-ms="426" started-at="2022-01-17T04:09:39Z" finished-at="2022-01-17T04:09:40Z">
          <reporter-output>
          </reporter-output>
        </test-method> <!-- hitGetMethod -->
        <test-method status="PASS" signature="teardown()[pri:0, instance:smoke.test.SearchvalueTest@6b19b79]" name="teardown" is-config="true" duration-ms="3042" started-at="2022-01-17T04:09:40Z" finished-at="2022-01-17T04:09:43Z">
          <reporter-output>
          </reporter-output>
        </test-method> <!-- teardown -->
      </class> <!-- smoke.test.SearchvalueTest -->
      <class name="smoke.test.SearchTest">
        <test-method status="PASS" signature="setUp(java.lang.reflect.Method)[pri:0, instance:smoke.test.SearchTest@60704c]" name="setUp" is-config="true" duration-ms="9127" started-at="2022-01-17T04:08:13Z" finished-at="2022-01-17T04:08:22Z">
          <params>
            <param index="0">
              <value>
                <![CDATA[public void smoke.test.SearchTest.SearchValueOne()]]>
              </value>
            </param>
          </params>
          <reporter-output>
          </reporter-output>
        </test-method> <!-- setUp -->
        <test-method status="PASS" signature="SearchValueOne()[pri:0, instance:smoke.test.SearchTest@60704c]" name="SearchValueOne" duration-ms="31616" started-at="2022-01-17T04:08:22Z" finished-at="2022-01-17T04:08:54Z">
          <reporter-output>
          </reporter-output>
        </test-method> <!-- SearchValueOne -->
        <test-method status="PASS" signature="teardown()[pri:0, instance:smoke.test.SearchTest@60704c]" name="teardown" is-config="true" duration-ms="7054" started-at="2022-01-17T04:08:54Z" finished-at="2022-01-17T04:09:01Z">
          <reporter-output>
          </reporter-output>
        </test-method> <!-- teardown -->
        <test-method status="PASS" signature="setUp(java.lang.reflect.Method)[pri:0, instance:smoke.test.SearchTest@60704c]" name="setUp" is-config="true" duration-ms="7814" started-at="2022-01-17T04:09:01Z" finished-at="2022-01-17T04:09:09Z">
          <params>
            <param index="0">
              <value>
                <![CDATA[public void smoke.test.SearchTest.SearchValueTwo()]]>
              </value>
            </param>
          </params>
          <reporter-output>
          </reporter-output>
        </test-method> <!-- setUp -->
        <test-method status="PASS" signature="SearchValueTwo()[pri:0, instance:smoke.test.SearchTest@60704c]" name="SearchValueTwo" duration-ms="18336" started-at="2022-01-17T04:09:09Z" finished-at="2022-01-17T04:09:27Z">
          <reporter-output>
          </reporter-output>
        </test-method> <!-- SearchValueTwo -->
        <test-method status="PASS" signature="teardown()[pri:0, instance:smoke.test.SearchTest@60704c]" name="teardown" is-config="true" duration-ms="1324" started-at="2022-01-17T04:09:27Z" finished-at="2022-01-17T04:09:28Z">
          <reporter-output>
          </reporter-output>
        </test-method> <!-- teardown -->
        <test-method status="PASS" signature="setUp(java.lang.reflect.Method)[pri:0, instance:smoke.test.SearchTest@60704c]" name="setUp" is-config="true" duration-ms="11605" started-at="2022-01-17T04:09:28Z" finished-at="2022-01-17T04:09:40Z">
          <params>
            <param index="0">
              <value>
                <![CDATA[public void smoke.test.SearchTest.hitGetMethod()]]>
              </value>
            </param>
          </params>
          <reporter-output>
          </reporter-output>
        </test-method> <!-- setUp -->
        <test-method status="PASS" signature="hitGetMethod()[pri:0, instance:smoke.test.SearchTest@60704c]" name="hitGetMethod" duration-ms="812" started-at="2022-01-17T04:09:40Z" finished-at="2022-01-17T04:09:41Z">
          <reporter-output>
          </reporter-output>
        </test-method> <!-- hitGetMethod -->
        <test-method status="PASS" signature="teardown()[pri:0, instance:smoke.test.SearchTest@60704c]" name="teardown" is-config="true" duration-ms="1980" started-at="2022-01-17T04:09:41Z" finished-at="2022-01-17T04:09:43Z">
          <reporter-output>
          </reporter-output>
        </test-method> <!-- teardown -->
      </class> <!-- smoke.test.SearchTest -->
      <class name="Utils.ConfigurationClass">
        <test-method status="PASS" signature="initFramework(java.lang.String, java.lang.String, java.lang.String, java.lang.String, java.lang.String, java.lang.String, java.lang.String, java.lang.String, java.lang.String)[pri:0, instance:Utils.ConfigurationClass@1d082e88]" name="initFramework" is-config="true" duration-ms="36" started-at="2022-01-17T04:08:13Z" finished-at="2022-01-17T04:08:13Z">
          <params>
            <param index="0">
              <value>
                <![CDATA[qa]]>
              </value>
            </param>
            <param index="1">
              <value>
                <![CDATA[]]>
              </value>
            </param>
            <param index="2">
              <value>
                <![CDATA[chrome]]>
              </value>
            </param>
            <param index="3">
              <value>
                <![CDATA[localhost]]>
              </value>
            </param>
            <param index="4">
              <value>
                <![CDATA[]]>
              </value>
            </param>
            <param index="5">
              <value>
                <![CDATA[]]>
              </value>
            </param>
            <param index="6">
              <value>
                <![CDATA[]]>
              </value>
            </param>
            <param index="7">
              <value>
                <![CDATA[local]]>
              </value>
            </param>
            <param index="8">
              <value>
                <![CDATA[us]]>
              </value>
            </param>
          </params>
          <reporter-output>
            <line>
              <![CDATA[------------------Automation Test started-------------------]]>
            </line>
            <line>
              <![CDATA[instanceUrl: null]]>
            </line>
            <line>
              <![CDATA[Environment: qa]]>
            </line>
            <line>
              <![CDATA[Browser: chrome]]>
            </line>
            <line>
              <![CDATA[hub_host: localhost]]>
            </line>
            <line>
              <![CDATA[client: null]]>
            </line>
            <line>
              <![CDATA[secret: null]]>
            </line>
            <line>
              <![CDATA[locationKey: null]]>
            </line>
            <line>
              <![CDATA[runType: local]]>
            </line>
            <line>
              <![CDATA[market: us]]>
            </line>
            <line>
              <![CDATA[-----------------------------------------------------]]>
            </line>
          </reporter-output>
        </test-method> <!-- initFramework -->
      </class> <!-- Utils.ConfigurationClass -->
      <class name="smoke.test.SearchItemTest">
        <test-method status="PASS" signature="setUp(java.lang.reflect.Method)[pri:0, instance:smoke.test.SearchItemTest@7692d9cc]" name="setUp" is-config="true" duration-ms="10740" started-at="2022-01-17T04:08:13Z" finished-at="2022-01-17T04:08:24Z">
          <params>
            <param index="0">
              <value>
                <![CDATA[public void smoke.test.SearchItemTest.SearchValueOne()]]>
              </value>
            </param>
          </params>
          <reporter-output>
          </reporter-output>
        </test-method> <!-- setUp -->
        <test-method status="PASS" signature="SearchValueOne()[pri:0, instance:smoke.test.SearchItemTest@7692d9cc]" name="SearchValueOne" duration-ms="32163" started-at="2022-01-17T04:08:24Z" finished-at="2022-01-17T04:08:56Z">
          <reporter-output>
          </reporter-output>
        </test-method> <!-- SearchValueOne -->
        <test-method status="PASS" signature="teardown()[pri:0, instance:smoke.test.SearchItemTest@7692d9cc]" name="teardown" is-config="true" duration-ms="2519" started-at="2022-01-17T04:08:56Z" finished-at="2022-01-17T04:08:59Z">
          <reporter-output>
          </reporter-output>
        </test-method> <!-- teardown -->
        <test-method status="PASS" signature="setUp(java.lang.reflect.Method)[pri:0, instance:smoke.test.SearchItemTest@7692d9cc]" name="setUp" is-config="true" duration-ms="8764" started-at="2022-01-17T04:08:59Z" finished-at="2022-01-17T04:09:07Z">
          <params>
            <param index="0">
              <value>
                <![CDATA[public void smoke.test.SearchItemTest.SearchValueTwo()]]>
              </value>
            </param>
          </params>
          <reporter-output>
          </reporter-output>
        </test-method> <!-- setUp -->
        <test-method status="PASS" signature="SearchValueTwo()[pri:0, instance:smoke.test.SearchItemTest@7692d9cc]" name="SearchValueTwo" duration-ms="17466" started-at="2022-01-17T04:09:07Z" finished-at="2022-01-17T04:09:25Z">
          <reporter-output>
          </reporter-output>
        </test-method> <!-- SearchValueTwo -->
        <test-method status="PASS" signature="teardown()[pri:0, instance:smoke.test.SearchItemTest@7692d9cc]" name="teardown" is-config="true" duration-ms="3238" started-at="2022-01-17T04:09:25Z" finished-at="2022-01-17T04:09:28Z">
          <reporter-output>
          </reporter-output>
        </test-method> <!-- teardown -->
        <test-method status="PASS" signature="setUp(java.lang.reflect.Method)[pri:0, instance:smoke.test.SearchItemTest@7692d9cc]" name="setUp" is-config="true" duration-ms="7322" started-at="2022-01-17T04:09:28Z" finished-at="2022-01-17T04:09:35Z">
          <params>
            <param index="0">
              <value>
                <![CDATA[public void smoke.test.SearchItemTest.hitGetMethod()]]>
              </value>
            </param>
          </params>
          <reporter-output>
          </reporter-output>
        </test-method> <!-- setUp -->
        <test-method status="PASS" signature="hitGetMethod()[pri:0, instance:smoke.test.SearchItemTest@7692d9cc]" name="hitGetMethod" duration-ms="3699" started-at="2022-01-17T04:09:35Z" finished-at="2022-01-17T04:09:39Z">
          <reporter-output>
          </reporter-output>
        </test-method> <!-- hitGetMethod -->
        <test-method status="PASS" signature="teardown()[pri:0, instance:smoke.test.SearchItemTest@7692d9cc]" name="teardown" is-config="true" duration-ms="1949" started-at="2022-01-17T04:09:39Z" finished-at="2022-01-17T04:09:41Z">
          <reporter-output>
          </reporter-output>
        </test-method> <!-- teardown -->
      </class> <!-- smoke.test.SearchItemTest -->
    </test> <!-- Regression Test -->
  </suite> <!-- Regression Suite -->
</testng-results>
